C:\Program Files (x86)\Microsoft Visual Studio\2019\Community\MSBuild\Microsoft\VC\v160\Microsoft.CppBuild.targets(452,5): warning MSB8028: The intermediate directory (x64\Debug\) contains files shared from another project (flying.vcxproj).  This can lead to incorrect clean and rebuild behavior.
  main.cpp
C:\Users\LyonelZ\Desktop\Question 1\comp477_assignment2_part1\A2 Part 1\main.cpp(39,42): warning C4305: 'argument': truncation from 'double' to 'GLfloat'
C:\Users\LyonelZ\Desktop\Question 1\comp477_assignment2_part1\A2 Part 1\main.cpp(287,40): warning C4244: '=': conversion from 'double' to 'float', possible loss of data
C:\Users\LyonelZ\Desktop\Question 1\comp477_assignment2_part1\A2 Part 1\main.cpp(288,40): warning C4244: '=': conversion from 'double' to 'float', possible loss of data
C:\Users\LyonelZ\Desktop\Question 1\comp477_assignment2_part1\A2 Part 1\main.cpp(289,27): warning C4244: '=': conversion from 'double' to 'float', possible loss of data
C:\Users\LyonelZ\Desktop\Question 1\comp477_assignment2_part1\A2 Part 1\main.cpp(344,52): warning C4244: '+=': conversion from 'double' to '_Ty', possible loss of data
C:\Users\LyonelZ\Desktop\Question 1\comp477_assignment2_part1\A2 Part 1\main.cpp(344,52): warning C4244:         with
C:\Users\LyonelZ\Desktop\Question 1\comp477_assignment2_part1\A2 Part 1\main.cpp(344,52): warning C4244:         [
C:\Users\LyonelZ\Desktop\Question 1\comp477_assignment2_part1\A2 Part 1\main.cpp(344,52): warning C4244:             _Ty=float
C:\Users\LyonelZ\Desktop\Question 1\comp477_assignment2_part1\A2 Part 1\main.cpp(344,52): warning C4244:         ]
C:\Users\LyonelZ\Desktop\Question 1\comp477_assignment2_part1\A2 Part 1\main.cpp(347,52): warning C4244: '+=': conversion from 'double' to '_Ty', possible loss of data
C:\Users\LyonelZ\Desktop\Question 1\comp477_assignment2_part1\A2 Part 1\main.cpp(347,52): warning C4244:         with
C:\Users\LyonelZ\Desktop\Question 1\comp477_assignment2_part1\A2 Part 1\main.cpp(347,52): warning C4244:         [
C:\Users\LyonelZ\Desktop\Question 1\comp477_assignment2_part1\A2 Part 1\main.cpp(347,52): warning C4244:             _Ty=float
C:\Users\LyonelZ\Desktop\Question 1\comp477_assignment2_part1\A2 Part 1\main.cpp(347,52): warning C4244:         ]
C:\Users\LyonelZ\Desktop\Question 1\comp477_assignment2_part1\A2 Part 1\main.cpp(350,52): warning C4244: '+=': conversion from 'double' to '_Ty', possible loss of data
C:\Users\LyonelZ\Desktop\Question 1\comp477_assignment2_part1\A2 Part 1\main.cpp(350,52): warning C4244:         with
C:\Users\LyonelZ\Desktop\Question 1\comp477_assignment2_part1\A2 Part 1\main.cpp(350,52): warning C4244:         [
C:\Users\LyonelZ\Desktop\Question 1\comp477_assignment2_part1\A2 Part 1\main.cpp(350,52): warning C4244:             _Ty=float
C:\Users\LyonelZ\Desktop\Question 1\comp477_assignment2_part1\A2 Part 1\main.cpp(350,52): warning C4244:         ]
C:\Users\LyonelZ\Desktop\Question 1\comp477_assignment2_part1\A2 Part 1\main.cpp(372,18): warning C4244: 'argument': conversion from 'double' to 'int', possible loss of data
C:\Users\LyonelZ\Desktop\Question 1\comp477_assignment2_part1\A2 Part 1\main.cpp(498,29): warning C4305: 'argument': truncation from 'double' to 'GLclampf'
  flying.vcxproj -> C:\Users\LyonelZ\Desktop\Question 1\comp477_assignment2_part1\A2 Part 1\x64\Debug\BouncingBall.exe
